<?xml version="1.0" encoding="UTF-8"?>
<testsuite xmlns:xsi="http://www.w3.org/2001/XMLSchema-instance" xsi:noNamespaceSchemaLocation="https://maven.apache.org/surefire/maven-surefire-plugin/xsd/surefire-test-report-3.0.xsd" version="3.0" name="runner.cucumberOptions" time="66.102" tests="6" errors="0" skipped="0" failures="0">
  <properties>
[...]
</properties>
  <testcase name="vaildate the username/eamil field" classname="testing register page" time="11.094">
    <system-out><![CDATA[
@smoke
Scenario: vaildate the username/eamil field &amp#27;[90m# feature/Register.feature:4&amp#27;[0m
  &amp#27;[32mGiven &amp#27;[0m&amp#27;[32mAccess the index page url&amp#27;[0m           &amp#27;[90m# stepDefinitions.registerpage.access_the_index_page_url()&amp#27;[0m
done
  &amp#27;[32mWhen &amp#27;[0m&amp#27;[32mpage loads&amp#27;[0m                           &amp#27;[90m# stepDefinitions.registerpage.page_loads()&amp#27;[0m
  &amp#27;[32mThen &amp#27;[0m&amp#27;[32mEnter the vaild Email id&amp#27;[0m             &amp#27;[90m# stepDefinitions.registerpage.enter_the_vaild_email_id()&amp#27;[0m
  &amp#27;[32mAnd &amp#27;[0m&amp#27;[32mtake a screenshot&amp#27;[0m                     &amp#27;[90m# stepDefinitions.registerpage.take_a_screenshot()&amp#27;[0m
]]></system-out>
    <system-err><![CDATA[SLF4J: Failed to load class "org.slf4j.impl.StaticLoggerBinder".
SLF4J: Defaulting to no-operation (NOP) logger implementation
SLF4J: See http://www.slf4j.org/codes.html#StaticLoggerBinder for further details.
Oct 10, 2023 6:21:42 PM org.openqa.selenium.remote.http.WebSocket$Listener onError
WARNING: Connection reset
java.net.SocketException: Connection reset
	at java.base/sun.nio.ch.SocketChannelImpl.throwConnectionReset(SocketChannelImpl.java:401)
	at java.base/sun.nio.ch.SocketChannelImpl.read(SocketChannelImpl.java:434)
	at io.netty.buffer.PooledByteBuf.setBytes(PooledByteBuf.java:254)
	at io.netty.buffer.AbstractByteBuf.writeBytes(AbstractByteBuf.java:1132)
	at io.netty.channel.socket.nio.NioSocketChannel.doReadBytes(NioSocketChannel.java:357)
	at io.netty.channel.nio.AbstractNioByteChannel$NioByteUnsafe.read(AbstractNioByteChannel.java:151)
	at io.netty.channel.nio.NioEventLoop.processSelectedKey(NioEventLoop.java:788)
	at io.netty.channel.nio.NioEventLoop.processSelectedKeysOptimized(NioEventLoop.java:724)
	at io.netty.channel.nio.NioEventLoop.processSelectedKeys(NioEventLoop.java:650)
	at io.netty.channel.nio.NioEventLoop.run(NioEventLoop.java:562)
	at io.netty.util.concurrent.SingleThreadEventExecutor$4.run(SingleThreadEventExecutor.java:997)
	at io.netty.util.internal.ThreadExecutorMap$2.run(ThreadExecutorMap.java:74)
	at io.netty.util.concurrent.FastThreadLocalRunnable.run(FastThreadLocalRunnable.java:30)
	at java.base/java.lang.Thread.run(Thread.java:1589)

]]></system-err>
  </testcase>
  <testcase name="Testing login" classname="testing home" time="13.954">
    <system-out><![CDATA[
Scenario: Testing login                                &amp#27;[90m# feature/Test.feature:4&amp#27;[0m
  &amp#27;[32mGiven &amp#27;[0m&amp#27;[32mAccess the url &amp#27;[0m&amp#27;[32m&amp#27;[1m"https://www.espncricinfo.com/"&amp#27;[0m &amp#27;[90m# stepDefinitions.test1.access_the_url(java.lang.String)&amp#27;[0m
  &amp#27;[32mWhen &amp#27;[0m&amp#27;[32mpage loads expand the page&amp#27;[0m                      &amp#27;[90m# stepDefinitions.test1.page_loads_expand_the_page()&amp#27;[0m
Today's Cricket Match | Cricket Update | Cricket News | ESPNcricinfo
  &amp#27;[32mThen &amp#27;[0m&amp#27;[32mVerify the page title&amp#27;[0m                           &amp#27;[90m# stepDefinitions.test1.verify_the_page_title()&amp#27;[0m
  &amp#27;[32mThen &amp#27;[0m&amp#27;[32mclose the blower&amp#27;[0m                                &amp#27;[90m# stepDefinitions.test1.close_the_blower()&amp#27;[0m
]]></system-out>
    <system-err><![CDATA[Oct 10, 2023 6:21:56 PM org.openqa.selenium.remote.http.WebSocket$Listener onError
WARNING: Connection reset
java.net.SocketException: Connection reset
	at java.base/sun.nio.ch.SocketChannelImpl.throwConnectionReset(SocketChannelImpl.java:401)
	at java.base/sun.nio.ch.SocketChannelImpl.read(SocketChannelImpl.java:434)
	at io.netty.buffer.PooledByteBuf.setBytes(PooledByteBuf.java:254)
	at io.netty.buffer.AbstractByteBuf.writeBytes(AbstractByteBuf.java:1132)
	at io.netty.channel.socket.nio.NioSocketChannel.doReadBytes(NioSocketChannel.java:357)
	at io.netty.channel.nio.AbstractNioByteChannel$NioByteUnsafe.read(AbstractNioByteChannel.java:151)
	at io.netty.channel.nio.NioEventLoop.processSelectedKey(NioEventLoop.java:788)
	at io.netty.channel.nio.NioEventLoop.processSelectedKeysOptimized(NioEventLoop.java:724)
	at io.netty.channel.nio.NioEventLoop.processSelectedKeys(NioEventLoop.java:650)
	at io.netty.channel.nio.NioEventLoop.run(NioEventLoop.java:562)
	at io.netty.util.concurrent.SingleThreadEventExecutor$4.run(SingleThreadEventExecutor.java:997)
	at io.netty.util.internal.ThreadExecutorMap$2.run(ThreadExecutorMap.java:74)
	at io.netty.util.concurrent.FastThreadLocalRunnable.run(FastThreadLocalRunnable.java:30)
	at java.base/java.lang.Thread.run(Thread.java:1589)

]]></system-err>
  </testcase>
  <testcase name="Validate the popup" classname="testing home" time="26.602">
    <system-out><![CDATA[
Scenario: Validate the popup                           &amp#27;[90m# feature/Test.feature:11&amp#27;[0m
  &amp#27;[32mGiven &amp#27;[0m&amp#27;[32mAccess the url &amp#27;[0m&amp#27;[32m&amp#27;[1m"https://www.espncricinfo.com/"&amp#27;[0m &amp#27;[90m# stepDefinitions.test1.access_the_url(java.lang.String)&amp#27;[0m
  &amp#27;[32mWhen &amp#27;[0m&amp#27;[32mpage wait for ten seconds&amp#27;[0m                       &amp#27;[90m# stepDefinitions.test1.page_wait_for_ten_seconds()&amp#27;[0m
Latest cricket updates
  &amp#27;[32mThen &amp#27;[0m&amp#27;[32malert popup shoud be displayed&amp#27;[0m                  &amp#27;[90m# stepDefinitions.test1.alert_popup_shoud_be_displayed()&amp#27;[0m
  &amp#27;[32mAnd &amp#27;[0m&amp#27;[32mUser should click on cancel&amp#27;[0m                      &amp#27;[90m# stepDefinitions.test1.user_should_click_on_cancel()&amp#27;[0m
]]></system-out>
    <system-err><![CDATA[Oct 10, 2023 6:22:22 PM org.openqa.selenium.remote.http.WebSocket$Listener onError
WARNING: Connection reset
java.net.SocketException: Connection reset
	at java.base/sun.nio.ch.SocketChannelImpl.throwConnectionReset(SocketChannelImpl.java:401)
	at java.base/sun.nio.ch.SocketChannelImpl.read(SocketChannelImpl.java:434)
	at io.netty.buffer.PooledByteBuf.setBytes(PooledByteBuf.java:254)
	at io.netty.buffer.AbstractByteBuf.writeBytes(AbstractByteBuf.java:1132)
	at io.netty.channel.socket.nio.NioSocketChannel.doReadBytes(NioSocketChannel.java:357)
	at io.netty.channel.nio.AbstractNioByteChannel$NioByteUnsafe.read(AbstractNioByteChannel.java:151)
	at io.netty.channel.nio.NioEventLoop.processSelectedKey(NioEventLoop.java:788)
	at io.netty.channel.nio.NioEventLoop.processSelectedKeysOptimized(NioEventLoop.java:724)
	at io.netty.channel.nio.NioEventLoop.processSelectedKeys(NioEventLoop.java:650)
	at io.netty.channel.nio.NioEventLoop.run(NioEventLoop.java:562)
	at io.netty.util.concurrent.SingleThreadEventExecutor$4.run(SingleThreadEventExecutor.java:997)
	at io.netty.util.internal.ThreadExecutorMap$2.run(ThreadExecutorMap.java:74)
	at io.netty.util.concurrent.FastThreadLocalRunnable.run(FastThreadLocalRunnable.java:30)
	at java.base/java.lang.Thread.run(Thread.java:1589)

]]></system-err>
  </testcase>
  <testcase name="vaildate the username/eamil field #1" classname="to test group of data" time="6.346">
    <system-out><![CDATA[
Scenario Outline: vaildate the username/eamil field                              &amp#27;[90m# feature/Test01.feature:12&amp#27;[0m
  &amp#27;[32mGiven &amp#27;[0m&amp#27;[32mAccess the index page url &amp#27;[0m&amp#27;[32m&amp#27;[1m"https://demo.automationtesting.in/Index.html"&amp#27;[0m &amp#27;[90m# stepDefinitions.test01.access_the_index_page_url(java.lang.String)&amp#27;[0m
done
  &amp#27;[32mWhen &amp#27;[0m&amp#27;[32mpage loads&amp#27;[0m                                                                &amp#27;[90m# stepDefinitions.registerpage.page_loads()&amp#27;[0m
  &amp#27;[32mThen &amp#27;[0m&amp#27;[32mEnter the vaild &amp#27;[0m&amp#27;[32m&amp#27;[1m"ABCED12gamil.com"&amp#27;[0m                                        &amp#27;[90m# stepDefinitions.test01.enter_the_vaild(java.lang.String)&amp#27;[0m
]]></system-out>
    <system-err><![CDATA[Oct 10, 2023 6:22:29 PM org.openqa.selenium.remote.http.WebSocket$Listener onError
WARNING: Connection reset
java.net.SocketException: Connection reset
	at java.base/sun.nio.ch.SocketChannelImpl.throwConnectionReset(SocketChannelImpl.java:401)
	at java.base/sun.nio.ch.SocketChannelImpl.read(SocketChannelImpl.java:434)
	at io.netty.buffer.PooledByteBuf.setBytes(PooledByteBuf.java:254)
	at io.netty.buffer.AbstractByteBuf.writeBytes(AbstractByteBuf.java:1132)
	at io.netty.channel.socket.nio.NioSocketChannel.doReadBytes(NioSocketChannel.java:357)
	at io.netty.channel.nio.AbstractNioByteChannel$NioByteUnsafe.read(AbstractNioByteChannel.java:151)
	at io.netty.channel.nio.NioEventLoop.processSelectedKey(NioEventLoop.java:788)
	at io.netty.channel.nio.NioEventLoop.processSelectedKeysOptimized(NioEventLoop.java:724)
	at io.netty.channel.nio.NioEventLoop.processSelectedKeys(NioEventLoop.java:650)
	at io.netty.channel.nio.NioEventLoop.run(NioEventLoop.java:562)
	at io.netty.util.concurrent.SingleThreadEventExecutor$4.run(SingleThreadEventExecutor.java:997)
	at io.netty.util.internal.ThreadExecutorMap$2.run(ThreadExecutorMap.java:74)
	at io.netty.util.concurrent.FastThreadLocalRunnable.run(FastThreadLocalRunnable.java:30)
	at java.base/java.lang.Thread.run(Thread.java:1589)

]]></system-err>
  </testcase>
  <testcase name="vaildate the username/eamil field #2" classname="to test group of data" time="6.56">
    <system-out><![CDATA[
Scenario Outline: vaildate the username/eamil field                              &amp#27;[90m# feature/Test01.feature:13&amp#27;[0m
  &amp#27;[32mGiven &amp#27;[0m&amp#27;[32mAccess the index page url &amp#27;[0m&amp#27;[32m&amp#27;[1m"https://demo.automationtesting.in/Index.html"&amp#27;[0m &amp#27;[90m# stepDefinitions.test01.access_the_index_page_url(java.lang.String)&amp#27;[0m
done
  &amp#27;[32mWhen &amp#27;[0m&amp#27;[32mpage loads&amp#27;[0m                                                                &amp#27;[90m# stepDefinitions.registerpage.page_loads()&amp#27;[0m
  &amp#27;[32mThen &amp#27;[0m&amp#27;[32mEnter the vaild &amp#27;[0m&amp#27;[32m&amp#27;[1m"AADVWS345gamil.com"&amp#27;[0m                                      &amp#27;[90m# stepDefinitions.test01.enter_the_vaild(java.lang.String)&amp#27;[0m
]]></system-out>
  </testcase>
  <testcase name="Enter username" classname="to test group of data" time="0.016">
    <system-out><![CDATA[
Scenario: Enter username             &amp#27;[90m# feature/Test01.feature:16&amp#27;[0m
ajith
  &amp#27;[32mThen &amp#27;[0m&amp#27;[32mEntered <username> is correct&amp#27;[0m &amp#27;[90m# stepDefinitions.test01.entered_username_is_correct(io.cucumber.datatable.DataTable)&amp#27;[0m
    | ajith | nivas | tom |
]]></system-out>
  </testcase>
</testsuite>